<?xml version="1.0" encoding="UTF-8"?>
<!-- Generated by org.testng.reporters.JUnitXMLReporter -->
<testsuite hostname="DESKTOP-M8M2LU8" ignored="0" name="Test4" tests="9" failures="0" timestamp="2020-05-28T23:37:16 EET" time="25.495" errors="0">
  <testcase name="link_test" time="0.075" classname="nopcommerce_packages.HomePageTest"/>
  <testcase name="search_AutoSuggestion" time="4.939" classname="nopcommerce_packages.SearchItemPage"/>
  <testcase name="search_database" time="1.464" classname="nopcommerce_packages.SearchItemPage"/>
  <testcase name="search_database" time="0.319" classname="nopcommerce_packages.SearchItemPage"/>
  <testcase name="search_database" time="0.215" classname="nopcommerce_packages.SearchItemPage"/>
  <testcase name="search_database" time="0.095" classname="nopcommerce_packages.SearchItemPage"/>
  <testcase name="search_database" time="0.715" classname="nopcommerce_packages.SearchItemPage"/>
  <testcase name="search_database" time="0.267" classname="nopcommerce_packages.SearchItemPage"/>
  <testcase name="search_database" time="0.147" classname="nopcommerce_packages.SearchItemPage"/>
</testsuite> <!-- Test4 -->
