<?xml version="1.0" encoding="UTF-8"?>
<!-- Generated by org.testng.reporters.JUnitXMLReporter -->
<testsuite hostname="DESKTOP-M8M2LU8" ignored="0" name="Test3" tests="4" failures="0" timestamp="2020-05-29T15:19:39 EET" time="33.337" errors="0">
  <testcase name="Successlgoin" time="16.64" classname="nopcommerce_packages.UserLoginTest"/>
  <testcase name="Successlgoin" time="17.101" classname="nopcommerce_packages.EmailFriendTest"/>
  <testcase name="SelectItem" time="2.031" classname="nopcommerce_packages.EmailFriendTest"/>
  <testcase name="logout" time="2.58" classname="nopcommerce_packages.UserLoginTest"/>
</testsuite> <!-- Test3 -->
