<?xml version="1.0" encoding="UTF-8"?>
<testsuite xmlns:xsi="http://www.w3.org/2001/XMLSchema-instance" xsi:noNamespaceSchemaLocation="https://maven.apache.org/surefire/maven-surefire-plugin/xsd/surefire-test-report-3.0.xsd" version="3.0" name="TestSuite" time="38.932" tests="21" errors="0" skipped="0" failures="2">
  <properties>
[...]
</properties>
  <testcase name="link_test" classname="nopcommerce_packages.HomePageTest" time="0.108"/>
  <testcase name="welcomeStatment" classname="nopcommerce_packages.HomePageTest" time="1.491"/>
  <testcase name="cureency_validate" classname="nopcommerce_packages.HomePageTest" time="0.157"/>
  <testcase name="cureency_validate" classname="nopcommerce_packages.HomePageTest" time="2.473">
    <failure message="stale element reference: element is not attached to the page document&#10;  (Session info: chrome=83.0.4103.61)&#10;For documentation on this error, please visit: https://www.seleniumhq.org/exceptions/stale_element_reference.html&#10;Build info: version: &apos;3.141.59&apos;, revision: &apos;e82be7d358&apos;, time: &apos;2018-11-14T08:17:03&apos;&#10;System info: host: &apos;DESKTOP-M8M2LU8&apos;, ip: &apos;192.168.0.104&apos;, os.name: &apos;Windows 10&apos;, os.arch: &apos;amd64&apos;, os.version: &apos;10.0&apos;, java.version: &apos;1.8.0_251&apos;&#10;Driver info: org.openqa.selenium.chrome.ChromeDriver&#10;Capabilities {acceptInsecureCerts: false, browserName: chrome, browserVersion: 83.0.4103.61, chrome: {chromedriverVersion: 83.0.4103.39 (ccbf011cb2d2b..., userDataDir: C:\Users\KHALED~1.FAR\AppDa...}, goog:chromeOptions: {debuggerAddress: localhost:51270}, javascriptEnabled: true, networkConnectionEnabled: false, pageLoadStrategy: normal, platform: WINDOWS, platformName: WINDOWS, proxy: Proxy(), setWindowRect: true, strictFileInteractability: false, timeouts: {implicit: 0, pageLoad: 300000, script: 30000}, unhandledPromptBehavior: dismiss and notify, webauthn:virtualAuthenticators: true}&#10;Session ID: 31851d366114dc850121b99b7642498f&#10;*** Element info: {Using=tag name, value=option}" type="org.openqa.selenium.StaleElementReferenceException"><![CDATA[org.openqa.selenium.StaleElementReferenceException: 
stale element reference: element is not attached to the page document
  (Session info: chrome=83.0.4103.61)
For documentation on this error, please visit: https://www.seleniumhq.org/exceptions/stale_element_reference.html
Build info: version: '3.141.59', revision: 'e82be7d358', time: '2018-11-14T08:17:03'
System info: host: 'DESKTOP-M8M2LU8', ip: '192.168.0.104', os.name: 'Windows 10', os.arch: 'amd64', os.version: '10.0', java.version: '1.8.0_251'
Driver info: org.openqa.selenium.chrome.ChromeDriver
Capabilities {acceptInsecureCerts: false, browserName: chrome, browserVersion: 83.0.4103.61, chrome: {chromedriverVersion: 83.0.4103.39 (ccbf011cb2d2b..., userDataDir: C:\Users\KHALED~1.FAR\AppDa...}, goog:chromeOptions: {debuggerAddress: localhost:51270}, javascriptEnabled: true, networkConnectionEnabled: false, pageLoadStrategy: normal, platform: WINDOWS, platformName: WINDOWS, proxy: Proxy(), setWindowRect: true, strictFileInteractability: false, timeouts: {implicit: 0, pageLoad: 300000, script: 30000}, unhandledPromptBehavior: dismiss and notify, webauthn:virtualAuthenticators: true}
Session ID: 31851d366114dc850121b99b7642498f
*** Element info: {Using=tag name, value=option}
	at nopcommerce_packages.HomePageTest.cureency_validate(HomePageTest.java:71)
]]></failure>
    <system-out><![CDATA[page basee  cam
heler is the fuiler ChromeDriver: chrome on WINDOWS (31851d366114dc850121b99b7642498f)
page basee  Khaled Mohamed Farh
]]></system-out>
  </testcase>
  <testcase name="Actions_overMainMenue" classname="nopcommerce_packages.HomePageTest" time="1.512"/>
  <testcase name="contact_us" classname="nopcommerce_packages.ContactUsTest" time="2.568"/>
  <testcase name="search_AutoSuggestion" classname="nopcommerce_packages.SearchItemPage" time="4.688"/>
  <testcase name="search_database" classname="nopcommerce_packages.SearchItemPage" time="2.445"/>
  <testcase name="search_database" classname="nopcommerce_packages.SearchItemPage" time="0.237"/>
  <testcase name="search_database" classname="nopcommerce_packages.SearchItemPage" time="0.432">
    <failure message="unexpected alert open: {Alert text : Please enter some search keyword}&#10;  (Session info: chrome=83.0.4103.61): Please enter some search keyword&#10;Build info: version: &apos;3.141.59&apos;, revision: &apos;e82be7d358&apos;, time: &apos;2018-11-14T08:17:03&apos;&#10;System info: host: &apos;DESKTOP-M8M2LU8&apos;, ip: &apos;192.168.0.104&apos;, os.name: &apos;Windows 10&apos;, os.arch: &apos;amd64&apos;, os.version: &apos;10.0&apos;, java.version: &apos;1.8.0_251&apos;&#10;Driver info: org.openqa.selenium.chrome.ChromeDriver&#10;Capabilities {acceptInsecureCerts: false, browserName: chrome, browserVersion: 83.0.4103.61, chrome: {chromedriverVersion: 83.0.4103.39 (ccbf011cb2d2b..., userDataDir: C:\Users\KHALED~1.FAR\AppDa...}, goog:chromeOptions: {debuggerAddress: localhost:51274}, javascriptEnabled: true, networkConnectionEnabled: false, pageLoadStrategy: normal, platform: WINDOWS, platformName: WINDOWS, proxy: Proxy(), setWindowRect: true, strictFileInteractability: false, timeouts: {implicit: 0, pageLoad: 300000, script: 30000}, unhandledPromptBehavior: dismiss and notify, webauthn:virtualAuthenticators: true}&#10;Session ID: 5780c9b7b85d9d8e6eca800bf8381ce6&#10;*** Element info: {Using=xpath, value=//input[@id=&apos;small-searchterms&apos;]}" type="org.openqa.selenium.UnhandledAlertException"><![CDATA[org.openqa.selenium.UnhandledAlertException: 
unexpected alert open: {Alert text : Please enter some search keyword}
  (Session info: chrome=83.0.4103.61): Please enter some search keyword
Build info: version: '3.141.59', revision: 'e82be7d358', time: '2018-11-14T08:17:03'
System info: host: 'DESKTOP-M8M2LU8', ip: '192.168.0.104', os.name: 'Windows 10', os.arch: 'amd64', os.version: '10.0', java.version: '1.8.0_251'
Driver info: org.openqa.selenium.chrome.ChromeDriver
Capabilities {acceptInsecureCerts: false, browserName: chrome, browserVersion: 83.0.4103.61, chrome: {chromedriverVersion: 83.0.4103.39 (ccbf011cb2d2b..., userDataDir: C:\Users\KHALED~1.FAR\AppDa...}, goog:chromeOptions: {debuggerAddress: localhost:51274}, javascriptEnabled: true, networkConnectionEnabled: false, pageLoadStrategy: normal, platform: WINDOWS, platformName: WINDOWS, proxy: Proxy(), setWindowRect: true, strictFileInteractability: false, timeouts: {implicit: 0, pageLoad: 300000, script: 30000}, unhandledPromptBehavior: dismiss and notify, webauthn:virtualAuthenticators: true}
Session ID: 5780c9b7b85d9d8e6eca800bf8381ce6
*** Element info: {Using=xpath, value=//input[@id='small-searchterms']}
	at nopcommerce_packages.SearchItemPage.search_database(SearchItemPage.java:24)
]]></failure>
    <system-out><![CDATA[heler is the fuiler ChromeDriver: chrome on WINDOWS (5780c9b7b85d9d8e6eca800bf8381ce6)
]]></system-out>
  </testcase>
  <testcase name="search_database" classname="nopcommerce_packages.SearchItemPage" time="0.87"/>
  <testcase name="search_database" classname="nopcommerce_packages.SearchItemPage" time="1.77"/>
  <testcase name="search_database" classname="nopcommerce_packages.SearchItemPage" time="0.853"/>
  <testcase name="search_database" classname="nopcommerce_packages.SearchItemPage" time="0.941"/>
  <testcase name="Successlgoin" classname="nopcommerce_packages.UserLoginTest" time="2.278"/>
  <testcase name="logout" classname="nopcommerce_packages.UserLoginTest" time="0.087"/>
  <testcase name="Successlgoin" classname="nopcommerce_packages.EmailFriendTest" time="0.39"/>
  <testcase name="SelectItem" classname="nopcommerce_packages.EmailFriendTest" time="2.031"/>
  <testcase name="EmailaProduct" classname="nopcommerce_packages.EmailFriendTest" time="4.256"/>
  <testcase name="logout" classname="nopcommerce_packages.EmailFriendTest" time="0"/>
  <testcase name="SuccessRegestration" classname="nopcommerce_packages.UserRegestrationTest" time="3.132"/>
</testsuite>